生成启动时间为 2019/2/13 23:16:27。
     1>项目“C:\Users\administration\Desktop\Test\Exercise_2_13\Exercise_2_13\Exercise_2_13.vcxproj”在节点 2 上(Rebuild 个目标)。
     1>ClCompile:
         C:\Program Files (x86)\VC\bin\CL.exe /c /ZI /nologo /W3 /WX- /sdl /Od /Oy- /D _MBCS /Gm /EHsc /RTC1 /MDd /GS /fp:precise /Zc:wchar_t /Zc:forScope /Fo"Debug\\" /Fd"Debug\vc120.pdb" /Gd /TP /analyze- /errorReport:prompt "2_13源.cpp"
         2_13源.cpp
     1>c:\users\administration\desktop\test\exercise_2_13\exercise_2_13\2_13源.cpp(31): error C2248: “Staff::basicSal”: 无法访问 private 成员(在“Staff”类中声明)
                 c:\users\administration\desktop\test\exercise_2_13\exercise_2_13\2_13源.cpp(10) : 参见“Staff::basicSal”的声明
                 c:\users\administration\desktop\test\exercise_2_13\exercise_2_13\2_13源.cpp(5) : 参见“Staff”的声明
     1>c:\users\administration\desktop\test\exercise_2_13\exercise_2_13\2_13源.cpp(31): error C2248: “Staff::rateOfAttend”: 无法访问 private 成员(在“Staff”类中声明)
                 c:\users\administration\desktop\test\exercise_2_13\exercise_2_13\2_13源.cpp(9) : 参见“Staff::rateOfAttend”的声明
                 c:\users\administration\desktop\test\exercise_2_13\exercise_2_13\2_13源.cpp(5) : 参见“Staff”的声明
     1>c:\users\administration\desktop\test\exercise_2_13\exercise_2_13\2_13源.cpp(31): error C2248: “Staff::prize”: 无法访问 private 成员(在“Staff”类中声明)
                 c:\users\administration\desktop\test\exercise_2_13\exercise_2_13\2_13源.cpp(11) : 参见“Staff::prize”的声明
                 c:\users\administration\desktop\test\exercise_2_13\exercise_2_13\2_13源.cpp(5) : 参见“Staff”的声明
     1>c:\users\administration\desktop\test\exercise_2_13\exercise_2_13\2_13源.cpp(45): error C2248: “Staff::basicSal”: 无法访问 private 成员(在“Staff”类中声明)
                 c:\users\administration\desktop\test\exercise_2_13\exercise_2_13\2_13源.cpp(10) : 参见“Staff::basicSal”的声明
                 c:\users\administration\desktop\test\exercise_2_13\exercise_2_13\2_13源.cpp(5) : 参见“Staff”的声明
     1>c:\users\administration\desktop\test\exercise_2_13\exercise_2_13\2_13源.cpp(45): error C2248: “Staff::rateOfAttend”: 无法访问 private 成员(在“Staff”类中声明)
                 c:\users\administration\desktop\test\exercise_2_13\exercise_2_13\2_13源.cpp(9) : 参见“Staff::rateOfAttend”的声明
                 c:\users\administration\desktop\test\exercise_2_13\exercise_2_13\2_13源.cpp(5) : 参见“Staff”的声明
     1>c:\users\administration\desktop\test\exercise_2_13\exercise_2_13\2_13源.cpp(45): error C2248: “Staff::prize”: 无法访问 private 成员(在“Staff”类中声明)
                 c:\users\administration\desktop\test\exercise_2_13\exercise_2_13\2_13源.cpp(11) : 参见“Staff::prize”的声明
                 c:\users\administration\desktop\test\exercise_2_13\exercise_2_13\2_13源.cpp(5) : 参见“Staff”的声明
     1>c:\users\administration\desktop\test\exercise_2_13\exercise_2_13\2_13源.cpp(56): error C2385: 对“basicSal”的访问不明确
                 可能是“basicSal”(位于基“Staff”中)
                 也可能是“basicSal”(位于基“Staff”中)
     1>c:\users\administration\desktop\test\exercise_2_13\exercise_2_13\2_13源.cpp(56): error C2248: “Staff::basicSal”: 无法访问 private 成员(在“Staff”类中声明)
                 c:\users\administration\desktop\test\exercise_2_13\exercise_2_13\2_13源.cpp(10) : 参见“Staff::basicSal”的声明
                 c:\users\administration\desktop\test\exercise_2_13\exercise_2_13\2_13源.cpp(5) : 参见“Staff”的声明
     1>c:\users\administration\desktop\test\exercise_2_13\exercise_2_13\2_13源.cpp(56): error C2385: 对“rateOfAttend”的访问不明确
                 可能是“rateOfAttend”(位于基“Staff”中)
                 也可能是“rateOfAttend”(位于基“Staff”中)
     1>c:\users\administration\desktop\test\exercise_2_13\exercise_2_13\2_13源.cpp(56): error C2248: “Staff::rateOfAttend”: 无法访问 private 成员(在“Staff”类中声明)
                 c:\users\administration\desktop\test\exercise_2_13\exercise_2_13\2_13源.cpp(9) : 参见“Staff::rateOfAttend”的声明
                 c:\users\administration\desktop\test\exercise_2_13\exercise_2_13\2_13源.cpp(5) : 参见“Staff”的声明
     1>c:\users\administration\desktop\test\exercise_2_13\exercise_2_13\2_13源.cpp(56): error C2385: 对“prize”的访问不明确
                 可能是“prize”(位于基“Staff”中)
                 也可能是“prize”(位于基“Staff”中)
     1>c:\users\administration\desktop\test\exercise_2_13\exercise_2_13\2_13源.cpp(56): error C2248: “Staff::prize”: 无法访问 private 成员(在“Staff”类中声明)
                 c:\users\administration\desktop\test\exercise_2_13\exercise_2_13\2_13源.cpp(11) : 参见“Staff::prize”的声明
                 c:\users\administration\desktop\test\exercise_2_13\exercise_2_13\2_13源.cpp(5) : 参见“Staff”的声明
     1>c:\users\administration\desktop\test\exercise_2_13\exercise_2_13\2_13源.cpp(56): error C2248: “Manager::totalAmount”: 无法访问 private 成员(在“Manager”类中声明)
                 c:\users\administration\desktop\test\exercise_2_13\exercise_2_13\2_13源.cpp(39) : 参见“Manager::totalAmount”的声明
                 c:\users\administration\desktop\test\exercise_2_13\exercise_2_13\2_13源.cpp(35) : 参见“Manager”的声明
     1>c:\users\administration\desktop\test\exercise_2_13\exercise_2_13\2_13源.cpp(56): error C2248: “Manager::totalDeductRate”: 无法访问 private 成员(在“Manager”类中声明)
                 c:\users\administration\desktop\test\exercise_2_13\exercise_2_13\2_13源.cpp(38) : 参见“Manager::totalDeductRate”的声明
                 c:\users\administration\desktop\test\exercise_2_13\exercise_2_13\2_13源.cpp(35) : 参见“Manager”的声明
     1>c:\users\administration\desktop\test\exercise_2_13\exercise_2_13\2_13源.cpp(56): error C2248: “Saleman::deductRate”: 无法访问 private 成员(在“Saleman”类中声明)
                 c:\users\administration\desktop\test\exercise_2_13\exercise_2_13\2_13源.cpp(24) : 参见“Saleman::deductRate”的声明
                 c:\users\administration\desktop\test\exercise_2_13\exercise_2_13\2_13源.cpp(21) : 参见“Saleman”的声明
     1>c:\users\administration\desktop\test\exercise_2_13\exercise_2_13\2_13源.cpp(56): error C2248: “Saleman::personAmount”: 无法访问 private 成员(在“Saleman”类中声明)
                 c:\users\administration\desktop\test\exercise_2_13\exercise_2_13\2_13源.cpp(25) : 参见“Saleman::personAmount”的声明
                 c:\users\administration\desktop\test\exercise_2_13\exercise_2_13\2_13源.cpp(21) : 参见“Saleman”的声明
     1>已完成生成项目“C:\Users\administration\Desktop\Test\Exercise_2_13\Exercise_2_13\Exercise_2_13.vcxproj”(Rebuild 个目标)的操作 - 失败。

生成失败。

已用时间 00:00:12.66
